0.661883 2.28236e-05 0.268162 9.24698e-06 -0.368892 -1.27204e-05 -0.762613 -2.6297e-05
1.30046 4.48435e-05 0.524906 1.81002e-05 -0.72997 -2.51714e-05 -1.50553 -5.19147e-05
1.93905 6.68638e-05 0.781658 2.69537e-05 -1.09104 -3.76221e-05 -2.24843 -7.75321e-05
2.57765 8.88843e-05 1.03842 3.58075e-05 -1.4521 -5.00725e-05 -2.99133 -0.000103149
3.21625 0.000110905 1.29519 4.46616e-05 -1.81316 -6.25228e-05 -3.73422 -0.000128766
3.85486 0.000132926 1.55196 5.3516e-05 -2.17421 -7.49727e-05 -4.47711 -0.000154383
4.49349 0.000154948 1.80875 6.23706e-05 -2.53525 -8.74224e-05 -5.21999 -0.00018
5.13212 0.00017697 2.06554 7.12256e-05 -2.89628 -9.98719e-05 -5.96286 -0.000205616
5.77076 0.000198992 2.32234 8.00808e-05 -3.25731 -0.000112321 -6.70573 -0.000231232
6.40941 0.000221014 2.57915 8.89363e-05 -3.61833 -0.00012477 -7.44859 -0.000256848
7.04806 0.000243037 2.83597 9.77921e-05 -3.97934 -0.000137219 -8.19144 -0.000282463
7.68673 0.00026506 3.0928 0.000106648 -4.34035 -0.000149667 -8.93428 -0.000308079
8.32541 0.000287083 3.34963 0.000115504 -4.70135 -0.000162115 -9.67712 -0.000333694
8.96409 0.000309107 3.60647 0.000124361 -5.06234 -0.000174563 -10.42 -0.000359309
9.60278 0.00033113 3.86332 0.000133218 -5.42332 -0.000187011 -11.1628 -0.000384923
10.2415 0.000353155 4.12018 0.000142075 -5.78429 -0.000199458 -11.9056 -0.000410538
10.8802 0.000375179 4.37705 0.000150933 -6.14526 -0.000211906 -12.6484 -0.000436152
11.5189 0.000397204 4.63392 0.000159791 -6.50622 -0.000224353 -13.3912 -0.000461766
12.1576 0.000419229 4.89081 0.000168649 -6.86718 -0.000236799 -14.134 -0.00048738
12.7964 0.000441254 5.1477 0.000177507 -7.22812 -0.000249246 -14.8768 -0.000512993
13.4351 0.00046328 5.4046 0.000186366 -7.58906 -0.000261692 -15.6196 -0.000538607
14.0739 0.000485306 5.66151 0.000195224 -7.95 -0.000274138 -16.3624 -0.00056422
14.7126 0.000507332 5.91842 0.000204084 -8.31092 -0.000286583 -17.1051 -0.000589832
15.3514 0.000529359 6.17535 0.000212943 -8.67184 -0.000299029 -17.8479 -0.000615445
15.9902 0.000551386 6.43228 0.000221803 -9.03275 -0.000311474 -18.5907 -0.000641057
16.629 0.000573413 6.68921 0.000230662 -9.39366 -0.000323919 -19.3334 -0.000666669
17.2677 0.00059544 6.94615 0.000239522 -9.75456 -0.000336364 -20.0762 -0.000692281
17.9065 0.000617466 7.20308 0.000248382 -10.1155 -0.000348809 -20.8189 -0.000717893
18.5453 0.000639493 7.46001 0.000257242 -10.4764 -0.000361253 -21.5616 -0.000743505
19.184 0.000661518 7.71692 0.000266101 -10.8373 -0.000373698 -22.3044 -0.000769116
19.8227 0.000683542 7.97379 0.000274958 -11.1982 -0.000386144 -23.0471 -0.000794727
20.4613 0.000705562 8.23059 0.000283814 -11.5591 -0.00039859 -23.7898 -0.000820338
21.0997 0.000727577 8.48729 0.000292665 -11.9201 -0.000411037 -24.5325 -0.000845949
21.7379 0.000749583 8.74379 0.00030151 -12.2811 -0.000423487 -25.2752 -0.00087156
22.3757 0.000771575 9.00001 0.000310345 -12.6423 -0.00043594 -26.0179 -0.00089717
23.0128 0.000793544 9.25575 0.000319164 -13.0036 -0.0004484 -26.7606 -0.000922781
23.6489 0.000815479 9.51077 0.000327958 -13.3652 -0.000460869 -27.5033 -0.000948391
24.2835 0.00083736 9.76467 0.000336713 -13.7272 -0.000473352 -28.246 -0.000974001
24.9157 0.000859161 10.0169 0.00034541 -14.0898 -0.000485857 -28.9886 -0.000999608
25.5444 0.000880841 10.2666 0.000354022 -14.4533 -0.00049839 -29.7311 -0.00102521
26.1684 0.00090236 10.5132 0.000362523 -14.8176 -0.000510952 -30.4729 -0.00105079
26.7868 0.000923684 10.7561 0.000370899 -15.1822 -0.000523525 -31.2131 -0.00107631
27.3993 0.000944805 10.9958 0.000379165 -15.5457 -0.000536059 -31.9494 -0.0011017
28.0058 0.000965718 11.2329 0.000387341 -15.9063 -0.000548492 -32.6794 -0.00112688
28.6059 0.00098641 11.4675 0.00039543 -16.2631 -0.000560795 -33.4017 -0.00115178
29.199 0.00100686 11.6989 0.000403409 -16.6169 -0.000572995 -34.1173 -0.00117646
29.7845 0.00102705 11.9261 0.000411245 -16.9694 -0.000585151 -34.8283 -0.00120098
30.3623 0.00104698 12.1485 0.000418913 -17.322 -0.00059731 -35.5366 -0.0012254
30.9323 0.00106663 12.3657 0.000426403 -17.6755 -0.000609501 -36.2432 -0.00124977
31.4943 0.00108601 12.5775 0.000433708 -18.0302 -0.000621732 -36.9486 -0.0012741
32.0478 0.0011051 12.7837 0.000440818 -18.386 -0.000633999 -37.6524 -0.00129837
32.5922 0.00112387 12.9841 0.000447728 -18.7422 -0.000646284 -38.3537 -0.00132256
33.1272 0.00114232 13.1787 0.000454439 -19.0981 -0.000658556 -39.0513 -0.00134663
33.6527 0.00116044 13.3679 0.000460961 -19.4531 -0.000670795 -39.7444 -0.00137054
34.1684 0.00117822 13.5516 0.000467295 -19.8065 -0.000682984 -40.4325 -0.00139428
34.6736 0.00119565 13.7293 0.000473424 -20.1584 -0.000695116 -41.1152 -0.00141785
35.1667 0.00121265 13.9001 0.000479315 -20.5087 -0.000707195 -41.7924 -0.00144122
35.6455 0.00122916 14.0626 0.000484917 -20.8577 -0.00071923 -42.4638 -0.00146441
36.1081 0.00124511 14.2154 0.000490185 -21.2058 -0.000731234 -43.1296 -0.00148742
36.5538 0.00126049 14.3579 0.0004951 -21.5533 -0.000743218 -43.7907 -0.00151028
36.9835 0.0012753 14.4906 0.000499677 -21.9004 -0.000755188 -44.4481 -0.00153304
37.3981 0.0012896 14.6141 0.000503934 -22.2473 -0.000767148 -45.1033 -0.00155574
37.7979 0.00130339 14.7285 0.000507879 -22.5938 -0.000779098 -45.7571 -0.00157843
38.1827 0.00131666 14.8336 0.000511504 -22.9401 -0.000791036 -46.4107 -0.00160116
38.5519 0.0013294 14.9294 0.000514806 -23.2858 -0.000802958 -47.0648 -0.00162396
38.9063 0.00134163 15.0161 0.000517797 -23.6308 -0.000814854 -47.721 -0.0016469
39.2478 0.0013534 15.0952 0.000520525 -23.9746 -0.00082671 -48.3812 -0.00167007
39.5786 0.00136482 15.1683 0.000523046 -24.3168 -0.000838509 -49.0478 -0.00169358
39.9008 0.00137593 15.2369 0.000525409 -24.6568 -0.000850234 -49.7231 -0.00171755
40.2158 0.0013868 15.3019 0.000527653 -24.994 -0.000861861 -50.4094 -0.00174211
40.5247 0.00139746 15.3645 0.000529811 -25.3276 -0.000873365 -51.109 -0.00176741
40.8284 0.00140794 15.4254 0.000531909 -25.6568 -0.000884718 -51.8239 -0.00179363
41.1268 0.00141824 15.4849 0.000533961 -25.9808 -0.000895889 -52.5555 -0.00182095
41.4199 0.00142836 15.5434 0.000535979 -26.2984 -0.000906843 -53.3047 -0.0018496
41.7075 0.00143829 15.6012 0.000537974 -26.6086 -0.000917538 -54.0709 -0.00187985
41.9895 0.00144803 15.6588 0.00053996 -26.9099 -0.000927928 -54.8516 -0.001912
42.2657 0.00145757 15.7167 0.000541955 -27.2007 -0.000937956 -55.6409 -0.00194641
42.5357 0.0014669 15.7753 0.000543975 -27.4794 -0.000947564 -56.4285 -0.00198347
42.7992 0.001476 15.8349 0.000546033 -27.744 -0.000956688 -57.1989 -0.00202358
43.0557 0.00148487 15.8961 0.000548143 -27.9928 -0.000965269 -57.9312 -0.0020671
43.3049 0.00149348 15.9592 0.000550317 -28.2245 -0.00097326 -58.6023 -0.00211428
43.5471 0.00150186 16.0245 0.00055257 -28.4385 -0.000980637 -59.1932 -0.00216514
43.7829 0.00151002 16.0925 0.000554913 -28.6349 -0.000987409 -59.6949 -0.00221944
44.0137 0.001518 16.1634 0.000557357 -28.8149 -0.000993618 -60.1116 -0.00227671
44.2412 0.00152588 16.2374 0.00055991 -28.9807 -0.000999335 -60.4573 -0.00233633
44.4671 0.0015337 16.3147 0.000562577 -29.1346 -0.00100464 -60.7499 -0.00239773
44.6929 0.00154152 16.3954 0.000565358 -29.2788 -0.00100961 -61.0058 -0.00246046
44.9198 0.00154938 16.4792 0.000568249 -29.4153 -0.00101432 -61.2378 -0.00252422
45.1483 0.00155731 16.5661 0.000571243 -29.5458 -0.00101882 -61.4549 -0.0025888
45.379 0.00156531 16.6556 0.00057433 -29.6714 -0.00102315 -61.663 -0.00265405
45.6117 0.00157338 16.7475 0.000577498 -29.793 -0.00102734 -61.8658 -0.00271985
45.8465 0.00158154 16.8413 0.000580735 -29.9113 -0.00103142 -62.0656 -0.00278609
46.0831 0.00158976 16.9368 0.000584028 -30.0267 -0.0010354 -62.2636 -0.0028527
46.3215 0.00159805 17.0336 0.000587367 -30.1398 -0.0010393 -62.4608 -0.00291963
46.5613 0.0016064 17.1315 0.00059074 -30.2509 -0.00104313 -62.6578 -0.00298684
46.8024 0.0016148 17.2301 0.00059414 -30.3602 -0.0010469 -62.8548 -0.00305432
47.0446 0.00162325 17.3292 0.000597558 -30.4678 -0.00105061 -63.0521 -0.00312204
47.2878 0.00163174 17.4287 0.000600988 -30.574 -0.00105428 -63.2496 -0.00318995
47.5319 0.00164028 17.5284 0.000604426 -30.6788 -0.00105789 -63.4474 -0.003258
47.7771 0.00164886 17.6282 0.000607869 -30.7824 -0.00106146 -63.6452 -0.00332612
48.0233 0.00165749 17.7281 0.000611312 -30.8848 -0.00106499 -63.843 -0.00339429
48.2706 0.00166618 17.8279 0.000614755 -30.9863 -0.00106849 -64.0408 -0.00346246
48.5191 0.00167492 17.9277 0.000618196 -31.0868 -0.00107196 -64.2386 -0.00353063
48.769 0.00168373 18.0273 0.000621631 -31.1866 -0.0010754 -64.4364 -0.0035988
49.0203 0.0016926 18.1268 0.000625061 -31.2856 -0.00107881 -64.6342 -0.003667
49.2731 0.00170156 18.226 0.000628484 -31.3839 -0.0010822 -64.8321 -0.00373522
49.5277 0.00171059 18.3251 0.000631899 -31.4815 -0.00108557 -65.03 -0.00380348
49.784 0.00171972 18.4238 0.000635305 -31.5784 -0.00108891 -65.2281 -0.00387177
50.0422 0.00172894 18.5223 0.0006387 -31.6747 -0.00109223 -65.4261 -0.00394005
50.3024 0.00173826 18.6204 0.000642083 -31.7703 -0.00109553 -65.6241 -0.0040083
50.5648 0.0017477 18.7181 0.000645453 -31.8652 -0.0010988 -65.8218 -0.00407648
50.8293 0.00175726 18.8154 0.000648807 -31.9596 -0.00110206 -66.0191 -0.00414454
51.0963 0.00176695 18.9122 0.000652144 -32.0534 -0.00110529 -66.2161 -0.00421244
51.3657 0.00177678 19.0084 0.000655463 -32.1467 -0.00110851 -66.4125 -0.00428016
51.6377 0.00178676 19.1041 0.000658761 -32.2395 -0.00111171 -66.6083 -0.00434769
51.9125 0.00179691 19.1991 0.000662037 -32.3319 -0.00111489 -66.8035 -0.00441501
52.1903 0.00180724 19.2934 0.00066529 -32.4239 -0.00111807 -66.9982 -0.00448214
52.471 0.00181776 19.387 0.000668517 -32.5155 -0.00112123 -67.1923 -0.00454907
52.7549 0.0018285 19.4798 0.000671716 -32.6069 -0.00112438 -67.3859 -0.00461582
53.0421 0.00183947 19.5717 0.000674886 -32.698 -0.00112752 -67.579 -0.00468241
53.3325 0.00185068 19.6627 0.000678025 -32.7889 -0.00113065 -67.7716 -0.00474883
53.6263 0.00186217 19.7528 0.00068113 -32.8795 -0.00113378 -67.9638 -0.0048151
53.9234 0.00187394 19.8418 0.000684199 -32.97 -0.0011369 -68.1556 -0.00488124
54.2238 0.00188603 19.9296 0.000687229 -33.0603 -0.00114001 -68.347 -0.00494724
54.5274 0.00189846 20.0163 0.000690218 -33.1505 -0.00114312 -68.538 -0.0050131
54.8339 0.00191126 20.1017 0.000693162 -33.2406 -0.00114623 -68.7286 -0.00507882
55.1431 0.00192446 20.1857 0.00069606 -33.3306 -0.00114933 -68.9187 -0.00514439
55.4547 0.00193809 20.2683 0.000698907 -33.4205 -0.00115243 -69.1084 -0.00520981
55.7682 0.00195219 20.3493 0.000701702 -33.5105 -0.00115553 -69.2976 -0.00527505
56.0829 0.00196681 20.4287 0.000704439 -33.6004 -0.00115864 -69.4863 -0.0053401
56.3982 0.00198198 20.5064 0.000707118 -33.6905 -0.00116174 -69.6743 -0.00540494
56.713 0.00199775 20.5823 0.000709734 -33.7806 -0.00116485 -69.8618 -0.00546957
57.0263 0.00201417 20.6563 0.000712285 -33.8709 -0.00116797 -70.0485 -0.00553397
57.3367 0.0020313 20.7283 0.000714768 -33.9615 -0.00117109 -70.2345 -0.00559812
57.6428 0.00204917 20.7983 0.000717181 -34.0522 -0.00117422 -70.4199 -0.00566202
57.9429 0.00206786 20.8662 0.000719524 -34.1432 -0.00117735 -70.6044 -0.00572567
58.2353 0.0020874 20.9321 0.000721796 -34.2344 -0.0011805 -70.7883 -0.00578906
58.5182 0.00210785 20.9959 0.000723998 -34.326 -0.00118366 -70.9714 -0.00585221
58.7899 0.00212926 21.0578 0.000726131 -34.4179 -0.00118683 -71.1539 -0.00591512
59.0489 0.00215165 21.1178 0.000728199 -34.51 -0.00119 -71.3356 -0.0059778
59.294 0.00217507 21.176 0.000730205 -34.6024 -0.00119319 -71.5168 -0.00604027
59.5244 0.00219951 21.2325 0.000732156 -34.695 -0.00119638 -71.6974 -0.00610254
59.7396 0.00222498 21.2876 0.000734055 -34.7879 -0.00119959 -71.8774 -0.00616463
59.94 0.00225146 21.3414 0.000735911 -34.8809 -0.00120279 -72.057 -0.00622655
60.126 0.00227894 21.3941 0.000737729 -34.9741 -0.00120601 -72.2361 -0.00628832
60.2986 0.00230737 21.446 0.000739516 -35.0674 -0.00120922 -72.4149 -0.00634997
60.4593 0.00233671 21.497 0.000741277 -35.1607 -0.00121244 -72.5934 -0.00641151
60.6094 0.00236689 21.5475 0.000743018 -35.254 -0.00121566 -72.7715 -0.00647294
60.7505 0.00239786 21.5976 0.000744744 -35.3473 -0.00121888 -72.9494 -0.00653429
60.884 0.00242956 21.6473 0.000746459 -35.4405 -0.00122209 -73.1271 -0.00659556
61.0114 0.00246194 21.6968 0.000748165 -35.5337 -0.0012253 -73.3046 -0.00665675
61.134 0.00249494 21.7461 0.000749865 -35.6267 -0.00122851 -73.4819 -0.00671789
61.2527 0.00252851 21.7953 0.000751561 -35.7197 -0.00123172 -73.659 -0.00677897
61.3686 0.00256261 21.8444 0.000753255 -35.8125 -0.00123492 -73.836 -0.00683999
61.4823 0.00259721 21.8934 0.000754946 -35.9052 -0.00123811 -74.0128 -0.00690096
61.5945 0.00263226 21.9424 0.000756635 -35.9977 -0.00124131 -74.1894 -0.00696187
61.7057 0.00266774 21.9914 0.000758323 -36.09 -0.00124449 -74.3659 -0.00702274
61.8162 0.0027036 22.0403 0.000760011 -36.1822 -0.00124767 -74.5423 -0.00708356
61.9264 0.00273981 22.0892 0.000761698 -36.2742 -0.00125084 -74.7185 -0.00714433
62.0364 0.00277635 22.1381 0.000763384 -36.366 -0.00125401 -74.8946 -0.00720505
62.1464 0.00281319 22.187 0.000765069 -36.4577 -0.00125717 -75.0706 -0.00726572
62.2565 0.0028503 22.2359 0.000766754 -36.5491 -0.00126032 -75.2464 -0.00732634
62.3668 0.00288765 22.2847 0.000768438 -36.6404 -0.00126347 -75.422 -0.0073869
62.4773 0.00292523 22.3335 0.00077012 -36.7314 -0.00126661 -75.5975 -0.00744742
62.5881 0.00296303 22.3823 0.000771802 -36.8222 -0.00126974 -75.7728 -0.00750787
62.6993 0.00300103 22.431 0.000773482 -36.9129 -0.00127287 -75.948 -0.00756827
62.8108 0.00303923 22.4796 0.00077516 -37.0033 -0.00127599 -76.1229 -0.0076286
62.9227 0.00307762 22.5283 0.000776837 -37.0936 -0.0012791 -76.2977 -0.00768886
63.0351 0.0031162 22.5768 0.000778511 -37.1836 -0.00128221 -76.4722 -0.00774904
63.1479 0.00315496 22.6253 0.000780184 -37.2734 -0.0012853 -76.6465 -0.00780915
63.2611 0.0031939 22.6738 0.000781855 -37.3631 -0.00128839 -76.8206 -0.00786918
63.3748 0.00323301 22.7222 0.000783524 -37.4525 -0.00129148 -76.9944 -0.00792911
63.4888 0.00327228 22.7706 0.000785192 -37.5417 -0.00129456 -77.168 -0.00798896
63.6033 0.0033117 22.8189 0.000786859 -37.6307 -0.00129763 -77.3413 -0.00804871
63.7181 0.00335125 22.8672 0.000788524 -37.7195 -0.00130069 -77.5142 -0.00810836
63.8333 0.00339093 22.9155 0.000790188 -37.8082 -0.00130375 -77.6869 -0.00816791
63.9488 0.00343072 22.9637 0.000791851 -37.8966 -0.0013068 -77.8593 -0.00822736
64.0645 0.00347061 23.0119 0.000793514 -37.9848 -0.00130984 -78.0314 -0.0082867
64.1805 0.00351058 23.0601 0.000795175 -38.0729 -0.00131288 -78.2032 -0.00834593
64.2967 0.00355063 23.1082 0.000796836 -38.1607 -0.00131591 -78.3747 -0.00840506
