-0.597665
-1.19533
-1.79299
-2.39066
-2.98832
-3.58598
-4.18364
-4.7813
-5.37895
-5.97661
-6.57427
-7.17192
-7.76958
-8.36723
-8.96488
-9.56253
-10.1602
-10.7578
-11.3555
-11.9531
-12.5508
-13.1484
-13.7461
-14.3437
-14.9413
-15.5389
-16.1365
-16.734
-17.3314
-17.9286
-18.5256
-19.1221
-19.7178
-20.3123
-20.9049
-21.4943
-22.079
-22.6562
-23.2222
-23.7718
-24.2997
-24.8036
-25.2869
-25.7546
-26.2098
-26.6527
-27.0827
-27.5014
-27.913
-28.3224
-28.7325
-29.1447
-29.5588
-29.9735
-30.3872
-30.7982
-31.2042
-31.6027
-31.9915
-32.3694
-32.7366
-33.0933
-33.4388
-33.7723
-34.0931
-34.4015
-34.6993
-34.9887
-35.2715
-35.549
-35.8224
-36.0924
-36.3594
-36.6233
-36.8843
-37.1426
-37.3983
-37.6515
-37.9022
-38.1503
-38.3957
-38.6382
-38.878
-39.115
-39.3496
-39.5819
-39.8122
-40.0407
-40.2674
-40.4925
-40.716
-40.9379
-41.1584
-41.3773
-41.5949
-41.8112
-42.0261
-42.2399
-42.4525
-42.6639
-42.8743
-43.0837
-43.292
-43.4994
-43.7058
-43.9114
-44.116
-44.3198
-44.5227
-44.7247
-44.9257
-45.1258
-45.3249
-45.5231
-45.7203
-45.9165
-46.1116
-46.3058
-46.4989
-46.6911
-46.8822
-47.0723
-47.2613
-47.4493
-47.6363
-47.8222
-48.0071
-48.1909
-48.3737
-48.5553
-48.7359
-48.9153
-49.0935
-49.2706
-49.4464
-49.621
-49.7943
-49.9663
-50.1369
-50.3063
-50.4743
-50.641
-50.8063
-50.9703
-51.1331
-51.2945
-51.4547
-51.6136
-51.7714
-51.928
-52.0834
-52.2377
-52.3909
-52.5431
-52.6942
-52.8443
-52.9934
-53.1416
-53.2888
-53.4351
-53.5805
-53.725
-53.8686
-54.0115
-54.1535
-54.2947
-54.4352
-54.5749
-54.714
-54.8524
-54.9901
-55.1272
-55.2636
-55.3995
-55.5348
-55.6695
-55.8037
-55.9373
-56.0704
-56.2029
