0.100011
0.200011
0.300011
0.400011
0.500011
0.600011
0.700011
0.800011
0.900011
1.00001
1.10001
1.20001
1.30001
1.40001
1.50001
1.60001
1.70001
1.80001
1.90001
2.00001
2.10001
2.20001
2.30001
2.40001
2.50001
2.60001
2.70001
2.80001
2.90001
3.00001
3.10001
3.20001
3.30001
3.40001
3.50001
3.60001
3.70001
3.80001
3.90001
4.00001
4.10001
4.20001
4.30001
4.40001
4.50001
4.60001
4.70001
4.80001
4.90001
5.00001
5.10001
5.20001
5.30001
5.40001
5.50001
5.60001
5.70001
5.80001
5.90001
6.00001
6.10001
6.20001
6.30001
6.40001
6.50001
6.60001
6.70001
6.80001
6.90001
7.00001
7.10001
7.20001
7.30001
7.40001
7.50001
7.60001
7.70001
7.80001
7.90001
8.00001
8.10001
8.20001
8.30001
8.40001
8.50001
8.60001
8.70001
8.80001
8.90001
9.00001
9.10001
9.20001
9.30001
9.40001
9.50001
9.60001
9.70001
9.80001
9.90001
10
10.1
10.2
10.3
10.4
10.5
10.6
10.7
10.8
10.9
11
11.1
11.2
11.3
11.4
11.5
11.6
11.7
11.8
11.9
12
12.1
12.2
12.3
12.4
12.5
12.6
12.7
12.8
12.9
13
13.1
13.2
13.3
13.4
13.5
13.6
13.7
13.8
13.9
14
14.1
14.2
14.3
14.4
14.5
14.6
14.7
14.8
14.9
15
15.1
15.2
15.3
15.4
15.5
15.6
15.7
15.8
15.9
16
16.1
16.2
16.3
16.4
16.5
16.6
16.7
16.8
16.9
17
17.1
17.2
17.3
17.4
17.5
17.6
17.7
17.8
17.9
18
